<?xml version="1.0" encoding="UTF-8"?>
<!-- Generated by org.testng.reporters.JUnitReportReporter -->
<testsuite hostname="DESKTOP-MGUTKMH" failures="0" tests="3" name="com.tp.scm.manufacturertest.ManufacturerTest" time="5.424" errors="0" timestamp="16 Sep 2024 18:45:29 GMT" skipped="0">
  <testcase classname="com.tp.scm.manufacturertest.ManufacturerTest" name="manufacturerManageQuantity" time="1.706"/>
  <testcase classname="com.tp.scm.manufacturertest.ManufacturerTest" name="manufacturerAddProductTest" time="2.973"/>
  <testcase classname="com.tp.scm.manufacturertest.ManufacturerTest" name="manufacturerLoginTest" time="0.745"/>
</testsuite> <!-- com.tp.scm.manufacturertest.ManufacturerTest -->
