<?xml version="1.0" encoding="UTF-8"?>
<!-- Generated by org.testng.reporters.JUnitReportReporter -->
<testsuite hostname="DESKTOP-MGUTKMH" failures="0" tests="7" name="com.tp.scm.admintest.AdminTest" time="20.796" errors="0" timestamp="16 Sep 2024 18:45:29 GMT" skipped="0">
  <testcase classname="com.tp.scm.admintest.AdminTest" name="adminManageUnitTest" time="4.079"/>
  <testcase classname="com.tp.scm.admintest.AdminTest" name="adminAddProductTest" time="2.677"/>
  <testcase classname="com.tp.scm.admintest.AdminTest" name="adminAddDistributor" time="2.988"/>
  <testcase classname="com.tp.scm.admintest.AdminTest" name="adminAddManufacturer" time="2.006"/>
  <testcase classname="com.tp.scm.admintest.AdminTest" name="loginAsAdminTest" time="1.678"/>
  <testcase classname="com.tp.scm.admintest.AdminTest" name="adminManageCategoryTest" time="4.465"/>
  <testcase classname="com.tp.scm.admintest.AdminTest" name="adminAddRetailerTest" time="2.903"/>
</testsuite> <!-- com.tp.scm.admintest.AdminTest -->
