<?xml version="1.0" encoding="UTF-8"?>
<!-- Generated by org.testng.reporters.JUnitReportReporter -->
<testsuite hostname="DESKTOP-MGUTKMH" failures="0" tests="1" name="com.tp.scm.retailertest.RetailerTest" time="1.506" errors="0" timestamp="16 Sep 2024 21:47:45 GMT" skipped="0">
  <testcase classname="com.tp.scm.retailertest.RetailerTest" name="retailerLoginTest" time="1.506"/>
</testsuite> <!-- com.tp.scm.retailertest.RetailerTest -->
