<?xml version="1.0" encoding="UTF-8"?>
<!-- Generated by org.testng.reporters.JUnitReportReporter -->
<testsuite hostname="DESKTOP-MGUTKMH" failures="0" tests="7" name="com.tp.scm.admintest.AdminTest" time="20.371" errors="0" timestamp="16 Sep 2024 21:47:45 GMT" skipped="0">
  <testcase classname="com.tp.scm.admintest.AdminTest" name="adminAddDistributor" time="2.731"/>
  <testcase classname="com.tp.scm.admintest.AdminTest" name="adminManageUnitTest" time="4.116"/>
  <testcase classname="com.tp.scm.admintest.AdminTest" name="adminAddRetailerTest" time="2.867"/>
  <testcase classname="com.tp.scm.admintest.AdminTest" name="loginAsAdminTest" time="1.202"/>
  <testcase classname="com.tp.scm.admintest.AdminTest" name="adminAddManufacturer" time="2.114"/>
  <testcase classname="com.tp.scm.admintest.AdminTest" name="adminManageCategoryTest" time="4.743"/>
  <testcase classname="com.tp.scm.admintest.AdminTest" name="adminAddProductTest" time="2.598"/>
</testsuite> <!-- com.tp.scm.admintest.AdminTest -->
