<?xml version="1.0" encoding="UTF-8"?>
<!-- Generated by org.testng.reporters.JUnitReportReporter -->
<testsuite hostname="DESKTOP-MGUTKMH" failures="0" tests="3" name="practiceTest.loginPractice" time="3.065" errors="0" timestamp="12 Sep 2024 09:21:07 GMT" skipped="0">
  <testcase classname="practiceTest.loginPractice" name="loginRetailer" time="1.173"/>
  <testcase classname="practiceTest.loginPractice" name="loginasadmin" time="0.840"/>
  <testcase classname="practiceTest.loginPractice" name="loginManufacturer" time="1.052"/>
</testsuite> <!-- practiceTest.loginPractice -->
