<?xml version="1.0" encoding="UTF-8"?>
<!-- Generated by org.testng.reporters.JUnitReportReporter -->
<testsuite hostname="DESKTOP-MGUTKMH" failures="0" tests="1" name="com.tp.scm.manufacturertest.manufacturerTest" time="4.028" errors="0" timestamp="16 Sep 2024 04:55:50 GMT" skipped="0">
  <testcase classname="com.tp.scm.manufacturertest.manufacturerTest" name="manufacturerAddProductTest" time="4.028"/>
</testsuite> <!-- com.tp.scm.manufacturertest.manufacturerTest -->
