<?xml version="1.0" encoding="UTF-8"?>
<!-- Generated by org.testng.reporters.JUnitReportReporter -->
<testsuite hostname="DESKTOP-MGUTKMH" failures="0" tests="3" name="com.tp.scm.manufacturertest.ManufacturerTest" time="8.109" errors="0" timestamp="16 Sep 2024 21:47:45 GMT" skipped="0">
  <testcase classname="com.tp.scm.manufacturertest.ManufacturerTest" name="manufacturerLoginTest" time="0.911"/>
  <testcase classname="com.tp.scm.manufacturertest.ManufacturerTest" name="manufacturerManageQuantity" time="1.891"/>
  <testcase classname="com.tp.scm.manufacturertest.ManufacturerTest" name="manufacturerAddProductTest" time="5.307"/>
</testsuite> <!-- com.tp.scm.manufacturertest.ManufacturerTest -->
