<?xml version="1.0" encoding="UTF-8"?>
<!-- Generated by org.testng.reporters.JUnitReportReporter -->
<testsuite hostname="DESKTOP-MGUTKMH" failures="0" tests="1" name="com.tp.scm.admintest.adminTest" time="3.496" errors="0" timestamp="16 Sep 2024 04:50:45 GMT" skipped="0">
  <testcase classname="com.tp.scm.admintest.adminTest" name="adminAddProductTest" time="3.496"/>
</testsuite> <!-- com.tp.scm.admintest.adminTest -->
