<?xml version="1.0" encoding="UTF-8"?>
<!-- Generated by org.testng.reporters.JUnitReportReporter -->
<testsuite hostname="DESKTOP-MGUTKMH" failures="0" tests="1" name="com.tp.scm.crossmodule.AllModuleTest" time="0.892" errors="0" timestamp="16 Sep 2024 17:30:44 GMT" skipped="0">
  <testcase classname="com.tp.scm.crossmodule.AllModuleTest" name="allModuleLoginTest" time="0.892"/>
</testsuite> <!-- com.tp.scm.crossmodule.AllModuleTest -->
